<?xml version="1.0" encoding="UTF-8"?>
<!-- Generated by org.testng.reporters.JUnitXMLReporter -->
<testsuite ignored="0" hostname="DESKTOP-1BIAF7O" failures="0" tests="3" name="Default test" time="0.327" errors="0" timestamp="2023-10-20T13:05:40 PDT">
  <testcase classname="testClass.TestClassForLoginpage" name="@BeforeClass createPomClassObject" time="0.093">
    <failure type="java.lang.IllegalArgumentException" message="Driver must be set">
      <![CDATA[java.lang.IllegalArgumentException: Driver must be set
at org.openqa.selenium.internal.Require.nonNull(Require.java:60)
at org.openqa.selenium.interactions.Actions.<init>(Actions.java:59)
at pages.HomePage.<init>(HomePage.java:26)
at testClass.TestClassForLoginpage.createPomClassObject(TestClassForLoginpage.java:47)
at java.base/jdk.internal.reflect.DirectMethodHandleAccessor.invoke(DirectMethodHandleAccessor.java:104)
at java.base/java.lang.reflect.Method.invoke(Method.java:578)
at org.testng.internal.invokers.MethodInvocationHelper.invokeMethod(MethodInvocationHelper.java:139)
at org.testng.internal.invokers.MethodInvocationHelper.invokeMethodConsideringTimeout(MethodInvocationHelper.java:69)
at org.testng.internal.invokers.ConfigInvoker.invokeConfigurationMethod(ConfigInvoker.java:390)
at org.testng.internal.invokers.ConfigInvoker.invokeConfigurations(ConfigInvoker.java:325)
at org.testng.internal.invokers.TestMethodWorker.invokeBeforeClassMethods(TestMethodWorker.java:180)
at org.testng.internal.invokers.TestMethodWorker.run(TestMethodWorker.java:122)
at java.base/java.util.ArrayList.forEach(ArrayList.java:1511)
at org.testng.TestRunner.privateRun(TestRunner.java:848)
at org.testng.TestRunner.run(TestRunner.java:621)
at org.testng.SuiteRunner.runTest(SuiteRunner.java:443)
at org.testng.SuiteRunner.runSequentially(SuiteRunner.java:437)
at org.testng.SuiteRunner.privateRun(SuiteRunner.java:397)
at org.testng.SuiteRunner.run(SuiteRunner.java:336)
at org.testng.SuiteRunnerWorker.runSuite(SuiteRunnerWorker.java:52)
at org.testng.SuiteRunnerWorker.run(SuiteRunnerWorker.java:95)
at org.testng.TestNG.runSuitesSequentially(TestNG.java:1280)
at org.testng.TestNG.runSuitesLocally(TestNG.java:1200)
at org.testng.TestNG.runSuites(TestNG.java:1114)
at org.testng.TestNG.run(TestNG.java:1082)
at org.testng.remote.AbstractRemoteTestNG.run(AbstractRemoteTestNG.java:115)
at org.testng.remote.RemoteTestNG.initAndRun(RemoteTestNG.java:251)
at org.testng.remote.RemoteTestNG.main(RemoteTestNG.java:77)
]]>
    </failure>
  </testcase> <!-- @BeforeClass createPomClassObject -->
  <testcase classname="testClass.TestClassForLoginpage" name="@BeforeClass openBrowser" time="0.0">
    <skipped/>
  </testcase> <!-- @BeforeClass openBrowser -->
  <testcase classname="testClass.TestClassForLoginpage" name="@BeforeMethod openLoginPage" time="0.0">
    <skipped/>
  </testcase> <!-- @BeforeMethod openLoginPage -->
  <testcase classname="testClass.TestClassForLoginpage" name="@AfterMethod LogOutIcon" time="0.0">
    <skipped/>
  </testcase> <!-- @AfterMethod LogOutIcon -->
  <testcase classname="testClass.TestClassForLoginpage" name="@BeforeMethod openLoginPage" time="0.0">
    <skipped/>
  </testcase> <!-- @BeforeMethod openLoginPage -->
  <testcase classname="testClass.TestClassForLoginpage" name="@AfterMethod LogOutIcon" time="0.0">
    <skipped/>
  </testcase> <!-- @AfterMethod LogOutIcon -->
  <testcase classname="testClass.TestClassForLoginpage" name="@BeforeMethod openLoginPage" time="0.0">
    <skipped/>
  </testcase> <!-- @BeforeMethod openLoginPage -->
  <testcase classname="testClass.TestClassForLoginpage" name="@AfterMethod LogOutIcon" time="0.0">
    <skipped/>
  </testcase> <!-- @AfterMethod LogOutIcon -->
  <testcase classname="testClass.TestClassForLoginpage" name="@AfterClass afterClass" time="0.0">
    <skipped/>
  </testcase> <!-- @AfterClass afterClass -->
  <testcase classname="testClass.TestClassForLoginpage" name="@AfterTest closeBrowser" time="0.0">
    <skipped/>
  </testcase> <!-- @AfterTest closeBrowser -->
  <testcase classname="testClass.TestClassForLoginpage" name="ClickonHomeIcon" time="0.002">
    <skipped/>
  </testcase> <!-- ClickonHomeIcon -->
  <testcase classname="testClass.TestClassForLoginpage" name="toVerifyHomePageCity" time="0.0">
    <skipped/>
  </testcase> <!-- toVerifyHomePageCity -->
  <testcase classname="testClass.TestClassForLoginpage" name="toVerifyHomePageStateandCountry" time="0.029">
    <skipped/>
  </testcase> <!-- toVerifyHomePageStateandCountry -->
</testsuite> <!-- Default test -->
